2018-10-20 11:06:52.476  INFO 1792 --- [main] o.s.e.EurekaClient1ApplicationTests      : No active profile set, falling back to default profiles: default
2018-10-20 11:06:52.494  INFO 1792 --- [main] o.s.w.c.s.GenericWebApplicationContext   : Refreshing org.springframework.web.context.support.GenericWebApplicationContext@475835b1: startup date [Sat Oct 20 11:06:52 CST 2018]; parent: org.springframework.context.annotation.AnnotationConfigApplicationContext@1ef6d34c
2018-10-20 11:06:54.633  WARN 1792 --- [main] o.m.s.mapper.ClassPathMapperScanner      : No MyBatis mapper was found in '[online.suiyu.eurekaclient1]' package. Please check your configuration.
2018-10-20 11:06:54.956  INFO 1792 --- [main] .s.d.r.c.RepositoryConfigurationDelegate : Multiple Spring Data modules found, entering strict repository configuration mode!
2018-10-20 11:06:56.290  INFO 1792 --- [main] o.s.cloud.context.scope.GenericScope     : BeanFactory id=98fd1ab6-8835-3e97-9bbb-46c8ae63de62
2018-10-20 11:06:56.470  INFO 1792 --- [main] f.a.AutowiredAnnotationBeanPostProcessor : JSR-330 'javax.inject.Inject' annotation found and supported for autowiring
2018-10-20 11:06:56.844  INFO 1792 --- [main] trationDelegate$BeanPostProcessorChecker : Bean 'org.springframework.transaction.annotation.ProxyTransactionManagementConfiguration' of type [org.springframework.transaction.annotation.ProxyTransactionManagementConfiguration$$EnhancerBySpringCGLIB$$ec94a2a7] is not eligible for getting processed by all BeanPostProcessors (for example: not eligible for auto-proxying)
2018-10-20 11:06:57.027  INFO 1792 --- [main] trationDelegate$BeanPostProcessorChecker : Bean 'org.springframework.cloud.autoconfigure.ConfigurationPropertiesRebinderAutoConfiguration' of type [org.springframework.cloud.autoconfigure.ConfigurationPropertiesRebinderAutoConfiguration$$EnhancerBySpringCGLIB$$8aea5a4] is not eligible for getting processed by all BeanPostProcessors (for example: not eligible for auto-proxying)
2018-10-20 11:06:57.949  WARN 1792 --- [main] c.n.c.sources.URLConfigurationSource     : No URLs will be polled as dynamic configuration sources.
2018-10-20 11:06:57.950  INFO 1792 --- [main] c.n.c.sources.URLConfigurationSource     : To enable URLs as dynamic configuration sources, define System property archaius.configurationSource.additionalUrls or make config.properties available on classpath.
2018-10-20 11:06:57.978  WARN 1792 --- [main] c.n.c.sources.URLConfigurationSource     : No URLs will be polled as dynamic configuration sources.
2018-10-20 11:06:57.978  INFO 1792 --- [main] c.n.c.sources.URLConfigurationSource     : To enable URLs as dynamic configuration sources, define System property archaius.configurationSource.additionalUrls or make config.properties available on classpath.
2018-10-20 11:06:58.378  INFO 1792 --- [main] o.s.w.s.handler.SimpleUrlHandlerMapping  : Mapped URL path [/**/favicon.ico] onto handler of type [class org.springframework.web.servlet.resource.ResourceHttpRequestHandler]
2018-10-20 11:06:59.720  INFO 1792 --- [main] s.w.s.m.m.a.RequestMappingHandlerAdapter : Looking for @ControllerAdvice: org.springframework.web.context.support.GenericWebApplicationContext@475835b1: startup date [Sat Oct 20 11:06:52 CST 2018]; parent: org.springframework.context.annotation.AnnotationConfigApplicationContext@1ef6d34c
2018-10-20 11:07:00.145  INFO 1792 --- [main] s.w.s.m.m.a.RequestMappingHandlerMapping : Mapped "{[/error]}" onto public org.springframework.http.ResponseEntity<java.util.Map<java.lang.String, java.lang.Object>> org.springframework.boot.autoconfigure.web.servlet.error.BasicErrorController.error(javax.servlet.http.HttpServletRequest)
2018-10-20 11:07:00.148  INFO 1792 --- [main] s.w.s.m.m.a.RequestMappingHandlerMapping : Mapped "{[/error],produces=[text/html]}" onto public org.springframework.web.servlet.ModelAndView org.springframework.boot.autoconfigure.web.servlet.error.BasicErrorController.errorHtml(javax.servlet.http.HttpServletRequest,javax.servlet.http.HttpServletResponse)
2018-10-20 11:07:00.314  INFO 1792 --- [main] o.s.w.s.handler.SimpleUrlHandlerMapping  : Mapped URL path [/webjars/**] onto handler of type [class org.springframework.web.servlet.resource.ResourceHttpRequestHandler]
2018-10-20 11:07:00.314  INFO 1792 --- [main] o.s.w.s.handler.SimpleUrlHandlerMapping  : Mapped URL path [/**] onto handler of type [class org.springframework.web.servlet.resource.ResourceHttpRequestHandler]
2018-10-20 11:07:08.255  INFO 1792 --- [main] o.s.c.support.DefaultLifecycleProcessor  : Starting beans in phase 0
2018-10-20 11:07:08.301  INFO 1792 --- [main] o.s.e.EurekaClient1ApplicationTests      : Started EurekaClient1ApplicationTests in 23.258 seconds (JVM running for 26.1)
2018-10-20 11:07:08.763  INFO 1792 --- [Thread-6] o.s.w.c.s.GenericWebApplicationContext   : Closing org.springframework.web.context.support.GenericWebApplicationContext@475835b1: startup date [Sat Oct 20 11:06:52 CST 2018]; parent: org.springframework.context.annotation.AnnotationConfigApplicationContext@1ef6d34c
2018-10-20 11:07:08.808  INFO 1792 --- [Thread-6] o.s.c.n.eureka.InstanceInfoFactory       : Setting initial instance status as: STARTING
2018-10-20 11:07:08.815  INFO 1792 --- [Thread-6] o.s.c.n.e.s.EurekaServiceRegistry        : Unregistering application eureka-client1 with eureka with status DOWN
2018-10-20 11:07:08.823  INFO 1792 --- [Thread-6] o.s.c.support.DefaultLifecycleProcessor  : Stopping beans in phase 0
